2019-10-31 12:30:22,828  INFO [TestNG-tests-1] ComuterPeripheralsFunctionality:64 - Product title validate successfully
2019-10-31 12:30:22,832  INFO [TestNG-tests-1] ComuterPeripheralsFunctionality:67 - Product price validate successfully
2019-10-31 12:30:22,890  INFO [TestNG-tests-1] ComuterPeripheralsFunctionality:64 - Product title validate successfully
2019-10-31 12:30:22,890  INFO [TestNG-tests-1] ComuterPeripheralsFunctionality:67 - Product price validate successfully
2019-10-31 12:32:11,490  INFO [TestNG-tests-2] ComuterPeripheralsFunctionality:41 - Error Message validate successfully
2019-10-31 12:32:17,025  INFO [TestNG-tests-1] ComuterPeripheralsFunctionality:41 - Error Message validate successfully
2019-10-31 12:32:17,495  INFO [TestNG-tests-2] ComuterPeripheralsFunctionality:64 - Product title validate successfully
2019-10-31 12:32:17,497  INFO [TestNG-tests-2] ComuterPeripheralsFunctionality:67 - Product price validate successfully
2019-10-31 12:32:17,575  INFO [TestNG-tests-2] ComuterPeripheralsFunctionality:64 - Product title validate successfully
2019-10-31 12:32:17,576  INFO [TestNG-tests-2] ComuterPeripheralsFunctionality:67 - Product price validate successfully
2019-10-31 12:32:22,312  INFO [TestNG-tests-1] ComuterPeripheralsFunctionality:64 - Product title validate successfully
2019-10-31 12:32:22,312  INFO [TestNG-tests-1] ComuterPeripheralsFunctionality:67 - Product price validate successfully
2019-10-31 12:32:22,442  INFO [TestNG-tests-1] ComuterPeripheralsFunctionality:64 - Product title validate successfully
2019-10-31 12:32:22,442  INFO [TestNG-tests-1] ComuterPeripheralsFunctionality:67 - Product price validate successfully
2019-10-31 12:34:34,697  INFO [TestNG-tests-3] ComuterPeripheralsFunctionality:43 - Error Message validate successfully
2019-10-31 12:34:43,489  INFO [TestNG-tests-3] ComuterPeripheralsFunctionality:65 - Product title validate successfully
2019-10-31 12:34:43,490  INFO [TestNG-tests-3] ComuterPeripheralsFunctionality:68 - Product price validate successfully
2019-10-31 12:34:44,043  INFO [TestNG-tests-3] ComuterPeripheralsFunctionality:65 - Product title validate successfully
2019-10-31 12:34:44,043  INFO [TestNG-tests-3] ComuterPeripheralsFunctionality:68 - Product price validate successfully
2019-10-31 12:34:44,917  INFO [TestNG-tests-1] ComuterPeripheralsFunctionality:43 - Error Message validate successfully
2019-10-31 12:34:48,451  INFO [TestNG-tests-1] ComuterPeripheralsFunctionality:65 - Product title validate successfully
2019-10-31 12:34:48,451  INFO [TestNG-tests-1] ComuterPeripheralsFunctionality:68 - Product price validate successfully
2019-10-31 12:34:48,530  INFO [TestNG-tests-1] ComuterPeripheralsFunctionality:65 - Product title validate successfully
2019-10-31 12:34:48,530  INFO [TestNG-tests-1] ComuterPeripheralsFunctionality:68 - Product price validate successfully
2019-10-31 12:40:20,230  INFO [TestNG-tests-3] ComuterPeripheralsFunctionality:43 - Error Message validate successfully
2019-10-31 12:40:20,799  INFO [TestNG-tests-2] ComuterPeripheralsFunctionality:43 - Error Message validate successfully
2019-10-31 12:40:25,803  INFO [TestNG-tests-2] ComuterPeripheralsFunctionality:65 - Product title validate successfully
2019-10-31 12:40:25,805  INFO [TestNG-tests-2] ComuterPeripheralsFunctionality:68 - Product price validate successfully
2019-10-31 12:40:25,875  INFO [TestNG-tests-2] ComuterPeripheralsFunctionality:65 - Product title validate successfully
2019-10-31 12:40:25,876  INFO [TestNG-tests-2] ComuterPeripheralsFunctionality:68 - Product price validate successfully
2019-10-31 12:40:26,929  INFO [TestNG-tests-1] ComuterPeripheralsFunctionality:43 - Error Message validate successfully
2019-10-31 12:40:31,637  INFO [TestNG-tests-1] ComuterPeripheralsFunctionality:65 - Product title validate successfully
2019-10-31 12:40:31,637  INFO [TestNG-tests-1] ComuterPeripheralsFunctionality:68 - Product price validate successfully
2019-10-31 12:40:31,749  INFO [TestNG-tests-1] ComuterPeripheralsFunctionality:65 - Product title validate successfully
2019-10-31 12:40:31,750  INFO [TestNG-tests-1] ComuterPeripheralsFunctionality:68 - Product price validate successfully
2019-10-31 12:40:31,931  INFO [TestNG-tests-3] ComuterPeripheralsFunctionality:65 - Product title validate successfully
2019-10-31 12:40:31,931  INFO [TestNG-tests-3] ComuterPeripheralsFunctionality:68 - Product price validate successfully
2019-10-31 12:40:32,433  INFO [TestNG-tests-3] ComuterPeripheralsFunctionality:65 - Product title validate successfully
2019-10-31 12:40:32,434  INFO [TestNG-tests-3] ComuterPeripheralsFunctionality:68 - Product price validate successfully
2019-11-01 11:07:21,692  INFO [TestNG-tests-1] ComuterPeripheralsFunctionality:43 - Error Message validate successfully
2019-11-01 11:07:28,806  INFO [TestNG-tests-1] ComuterPeripheralsFunctionality:65 - Product title validate successfully
2019-11-01 11:07:28,807  INFO [TestNG-tests-1] ComuterPeripheralsFunctionality:68 - Product price validate successfully
2019-11-01 11:07:28,885  INFO [TestNG-tests-1] ComuterPeripheralsFunctionality:65 - Product title validate successfully
2019-11-01 11:07:28,886  INFO [TestNG-tests-1] ComuterPeripheralsFunctionality:68 - Product price validate successfully
2019-11-01 11:12:05,451  INFO [TestNG-tests-1] ComuterPeripheralsFunctionality:43 - Error Message validate successfully
2019-11-01 11:12:14,097  INFO [TestNG-tests-1] ComuterPeripheralsFunctionality:65 - Product title validate successfully
2019-11-01 11:12:14,098  INFO [TestNG-tests-1] ComuterPeripheralsFunctionality:68 - Product price validate successfully
2019-11-01 11:12:14,528  INFO [TestNG-tests-1] ComuterPeripheralsFunctionality:65 - Product title validate successfully
2019-11-01 11:12:14,528  INFO [TestNG-tests-1] ComuterPeripheralsFunctionality:68 - Product price validate successfully
2019-11-01 11:19:55,416  INFO [TestNG-tests-1] ComuterPeripheralsFunctionality:43 - Error Message validate successfully
2019-11-01 11:19:59,232  INFO [TestNG-tests-1] ComuterPeripheralsFunctionality:65 - Product title validate successfully
2019-11-01 11:19:59,233  INFO [TestNG-tests-1] ComuterPeripheralsFunctionality:68 - Product price validate successfully
2019-11-01 11:19:59,266  INFO [TestNG-tests-1] ComuterPeripheralsFunctionality:65 - Product title validate successfully
2019-11-01 11:19:59,266  INFO [TestNG-tests-1] ComuterPeripheralsFunctionality:68 - Product price validate successfully
2019-11-02 12:33:22,099  INFO [TestNG-tests-1] LogReport:32 - Error Message validate successfully
2019-11-02 12:33:25,907  INFO [TestNG-tests-1] LogReport:32 - Product title validate successfully
2019-11-02 12:33:25,908  INFO [TestNG-tests-1] LogReport:32 - Product price validate successfully
2019-11-02 12:33:25,989  INFO [TestNG-tests-1] LogReport:32 - Product title validate successfully
2019-11-02 12:33:25,989  INFO [TestNG-tests-1] LogReport:32 - Product price validate successfully
2019-11-02 12:38:19,642  INFO [TestNG-tests-1] LogReport:32 - Error Message validate successfully
2019-11-02 12:38:23,493  INFO [TestNG-tests-1] LogReport:32 - Product title validate successfully
2019-11-02 12:38:23,493  INFO [TestNG-tests-1] LogReport:32 - Product price validate successfully
2019-11-02 12:38:23,592  INFO [TestNG-tests-1] LogReport:32 - Product title validate successfully
2019-11-02 12:38:23,592  INFO [TestNG-tests-1] LogReport:32 - Product price validate successfully
2019-11-02 12:47:15,797  INFO [TestNG-tests-1] LogReport:32 - Error Message validate successfully
2019-11-02 12:47:20,229  INFO [TestNG-tests-1] LogReport:32 - Product title validate successfully
2019-11-02 12:47:20,229  INFO [TestNG-tests-1] LogReport:32 - Product price validate successfully
2019-11-02 12:47:20,333  INFO [TestNG-tests-1] LogReport:32 - Product title validate successfully
2019-11-02 12:47:20,333  INFO [TestNG-tests-1] LogReport:32 - Product price validate successfully
